# JRE version: Java(TM) SE Runtime Environment 18.9 (11.0.17+10) (build 11.0.17+10-LTS-269)
# Java VM: Java HotSpot(TM) 64-Bit Server VM 18.9 (11.0.17+10-LTS-269, mixed mode, tiered, compressed oops, g1 gc, windows-amd64)
Heap:
 garbage-first heap   total 310272K, used 96470K [0x0000000704000000, 0x0000000800000000)
  region size 1024K, 49 young (50176K), 17 survivors (17408K)
 Metaspace       used 42725K, capacity 43540K, committed 43648K, reserved 1087488K
  class space    used 4663K, capacity 4981K, committed 4992K, reserved 1048576K
GC Heap History (10 events):
Event: 1.535 GC heap before
{Heap before GC invocations=2 (full 0):
 garbage-first heap   total 258048K, used 41394K [0x0000000704000000, 0x0000000800000000)
  region size 1024K, 38 young (38912K), 18 survivors (18432K)
 Metaspace       used 20781K, capacity 21024K, committed 21248K, reserved 1069056K
  class space    used 1949K, capacity 2048K, committed 2048K, reserved 1048576K
}
Event: 1.547 GC heap after
{Heap after GC invocations=3 (full 0):
 garbage-first heap   total 258048K, used 23883K [0x0000000704000000, 0x0000000800000000)
  region size 1024K, 2 young (2048K), 2 survivors (2048K)
 Metaspace       used 20781K, capacity 21024K, committed 21248K, reserved 1069056K
  class space    used 1949K, capacity 2048K, committed 2048K, reserved 1048576K
}
Event: 2.056 GC heap before
{Heap before GC invocations=4 (full 0):
 garbage-first heap   total 258048K, used 108875K [0x0000000704000000, 0x0000000800000000)
  region size 1024K, 85 young (87040K), 2 survivors (2048K)
 Metaspace       used 24888K, capacity 25277K, committed 25472K, reserved 1073152K
  class space    used 2438K, capacity 2581K, committed 2688K, reserved 1048576K
}
Event: 2.063 GC heap after
{Heap after GC invocations=5 (full 0):
 garbage-first heap   total 258048K, used 31682K [0x0000000704000000, 0x0000000800000000)
  region size 1024K, 10 young (10240K), 10 survivors (10240K)
 Metaspace       used 24888K, capacity 25277K, committed 25472K, reserved 1073152K
  class space    used 2438K, capacity 2581K, committed 2688K, reserved 1048576K
}
Event: 3.453 GC heap before
{Heap before GC invocations=5 (full 0):
 garbage-first heap   total 258048K, used 139202K [0x0000000704000000, 0x0000000800000000)
  region size 1024K, 115 young (117760K), 10 survivors (10240K)
 Metaspace       used 32213K, capacity 32729K, committed 32896K, reserved 1079296K
  class space    used 3376K, capacity 3585K, committed 3712K, reserved 1048576K
}
Event: 3.464 GC heap after
{Heap after GC invocations=6 (full 0):
 garbage-first heap   total 310272K, used 42043K [0x0000000704000000, 0x0000000800000000)
  region size 1024K, 11 young (11264K), 11 survivors (11264K)
 Metaspace       used 32213K, capacity 32729K, committed 32896K, reserved 1079296K
  class space    used 3376K, capacity 3585K, committed 3712K, reserved 1048576K
}
Event: 3.822 GC heap before
{Heap before GC invocations=6 (full 0):
 garbage-first heap   total 310272K, used 91195K [0x0000000704000000, 0x0000000800000000)
  region size 1024K, 60 young (61440K), 11 survivors (11264K)
 Metaspace       used 34883K, capacity 35526K, committed 35628K, reserved 1081344K
  class space    used 3705K, capacity 3968K, committed 3968K, reserved 1048576K
}
Event: 3.830 GC heap after
{Heap after GC invocations=7 (full 0):
 garbage-first heap   total 310272K, used 47592K [0x0000000704000000, 0x0000000800000000)
  region size 1024K, 6 young (6144K), 6 survivors (6144K)
 Metaspace       used 34883K, capacity 35526K, committed 35628K, reserved 1081344K
  class space    used 3705K, capacity 3968K, committed 3968K, reserved 1048576K
}
Event: 6.520 GC heap before
{Heap before GC invocations=8 (full 0):
 garbage-first heap   total 310272K, used 194024K [0x0000000704000000, 0x0000000800000000)
  region size 1024K, 144 young (147456K), 6 survivors (6144K)
 Metaspace       used 41175K, capacity 41931K, committed 42240K, reserved 1087488K
  class space    used 4463K, capacity 4787K, committed 4864K, reserved 1048576K
}
Event: 6.529 GC heap after
{Heap after GC invocations=9 (full 0):
 garbage-first heap   total 310272K, used 64726K [0x0000000704000000, 0x0000000800000000)
  region size 1024K, 17 young (17408K), 17 survivors (17408K)
 Metaspace       used 41175K, capacity 41931K, committed 42240K, reserved 1087488K
  class space    used 4463K, capacity 4787K, committed 4864K, reserved 1048576K
}

