<?xml version="1.0" encoding="UTF-8"?>
<testng-results ignored="0" total="10" passed="9" failed="1" skipped="0">
  <reporter-output>
  </reporter-output>
  <suite started-at="2024-01-09T11:28:55Z" name="Enas Project" finished-at="2024-01-09T11:29:51Z" duration-ms="55953">
    <groups>
    </groups>
    <test started-at="2024-01-09T11:28:55Z" name="Run on Headless Chrome" finished-at="2024-01-09T11:29:51Z" duration-ms="55953">
      <class name="ProjectEnas.CF201_Email">
        <test-method is-config="true" signature="initBeforeSuite()[pri:0, instance:ProjectEnas.CF201_Email@64984b0f]" started-at="2024-01-09T11:28:55Z" name="initBeforeSuite" finished-at="2024-01-09T11:28:55Z" duration-ms="31" status="PASS">
          <reporter-output>
          </reporter-output>
        </test-method> <!-- initBeforeSuite -->
        <test-method is-config="true" signature="beforeClass(java.lang.String)[pri:0, instance:ProjectEnas.CF201_Email@64984b0f]" started-at="2024-01-09T11:28:55Z" name="beforeClass" finished-at="2024-01-09T11:29:00Z" duration-ms="5020" status="PASS">
          <params>
            <param index="0">
              <value>
                <![CDATA[chrome]]>
              </value>
            </param>
          </params>
          <reporter-output>
          </reporter-output>
        </test-method> <!-- beforeClass -->
        <test-method signature="TC01a_Check_UI_Menu()[pri:0, instance:ProjectEnas.CF201_Email@64984b0f]" started-at="2024-01-09T11:29:00Z" name="TC01a_Check_UI_Menu" finished-at="2024-01-09T11:29:08Z" duration-ms="8115" status="PASS">
          <reporter-output>
          </reporter-output>
        </test-method> <!-- TC01a_Check_UI_Menu -->
        <test-method signature="TC01b_Check_UI_Form()[pri:0, instance:ProjectEnas.CF201_Email@64984b0f]" started-at="2024-01-09T11:29:08Z" name="TC01b_Check_UI_Form" finished-at="2024-01-09T11:29:39Z" duration-ms="30259" status="FAIL">
          <exception class="org.openqa.selenium.TimeoutException">
            <message>
              <![CDATA[Expected condition failed: waiting for visibility of element located by By.xpath: //div[contains(text(), '%s') and @contenteditable='false'] (tried for 30 second(s) with 500 milliseconds interval)
Build info: version: '4.11.0', revision: '040bc5406b'
System info: os.name: 'Windows 11', os.arch: 'amd64', os.version: '10.0', java.version: '11.0.17'
Driver info: org.openqa.selenium.chrome.ChromeDriver
Capabilities {acceptInsecureCerts: false, browserName: chrome, browserVersion: 120.0.6099.131, chrome: {chromedriverVersion: 120.0.6099.109 (3419140ab66..., userDataDir: C:\Users\LyDT\AppData\Local...}, fedcm:accounts: true, goog:chromeOptions: {debuggerAddress: localhost:59541}, networkConnectionEnabled: false, pageLoadStrategy: normal, platformName: windows, proxy: Proxy(), se:cdp: ws://localhost:59541/devtoo..., se:cdpVersion: 120.0.6099.131, setWindowRect: true, strictFileInteractability: false, timeouts: {implicit: 0, pageLoad: 300000, script: 30000}, unhandledPromptBehavior: dismiss and notify, webauthn:extension:credBlob: true, webauthn:extension:largeBlob: true, webauthn:extension:minPinLength: true, webauthn:extension:prf: true, webauthn:virtualAuthenticators: true}
Session ID: 0f8efb7ea787ccef2c40e287936b1b68]]>
            </message>
            <full-stacktrace>
              <![CDATA[org.openqa.selenium.TimeoutException: Expected condition failed: waiting for visibility of element located by By.xpath: //div[contains(text(), '%s') and @contenteditable='false'] (tried for 30 second(s) with 500 milliseconds interval)
Build info: version: '4.11.0', revision: '040bc5406b'
System info: os.name: 'Windows 11', os.arch: 'amd64', os.version: '10.0', java.version: '11.0.17'
Driver info: org.openqa.selenium.chrome.ChromeDriver
Capabilities {acceptInsecureCerts: false, browserName: chrome, browserVersion: 120.0.6099.131, chrome: {chromedriverVersion: 120.0.6099.109 (3419140ab66..., userDataDir: C:\Users\LyDT\AppData\Local...}, fedcm:accounts: true, goog:chromeOptions: {debuggerAddress: localhost:59541}, networkConnectionEnabled: false, pageLoadStrategy: normal, platformName: windows, proxy: Proxy(), se:cdp: ws://localhost:59541/devtoo..., se:cdpVersion: 120.0.6099.131, setWindowRect: true, strictFileInteractability: false, timeouts: {implicit: 0, pageLoad: 300000, script: 30000}, unhandledPromptBehavior: dismiss and notify, webauthn:extension:credBlob: true, webauthn:extension:largeBlob: true, webauthn:extension:minPinLength: true, webauthn:extension:prf: true, webauthn:virtualAuthenticators: true}
Session ID: 0f8efb7ea787ccef2c40e287936b1b68
at org.openqa.selenium.support.ui.WebDriverWait.timeoutException(WebDriverWait.java:84)
at org.openqa.selenium.support.ui.FluentWait.until(FluentWait.java:230)
at commons.BasePage.waitForElementVisible(BasePage.java:644)
at pageObject.CommonDrapDropPO.getColorSampleTextForm(CommonDrapDropPO.java:205)
at ProjectEnas.CF201_Email.TC01b_Check_UI_Form(CF201_Email.java:93)
at java.base/jdk.internal.reflect.NativeMethodAccessorImpl.invoke0(Native Method)
at java.base/jdk.internal.reflect.NativeMethodAccessorImpl.invoke(NativeMethodAccessorImpl.java:62)
at java.base/jdk.internal.reflect.DelegatingMethodAccessorImpl.invoke(DelegatingMethodAccessorImpl.java:43)
at java.base/java.lang.reflect.Method.invoke(Method.java:566)
at org.testng.internal.MethodInvocationHelper.invokeMethod(MethodInvocationHelper.java:124)
at org.testng.internal.Invoker.invokeMethod(Invoker.java:583)
at org.testng.internal.Invoker.invokeTestMethod(Invoker.java:719)
at org.testng.internal.Invoker.invokeTestMethods(Invoker.java:989)
at org.testng.internal.TestMethodWorker.invokeTestMethods(TestMethodWorker.java:125)
at org.testng.internal.TestMethodWorker.run(TestMethodWorker.java:109)
at org.testng.TestRunner.privateRun(TestRunner.java:648)
at org.testng.TestRunner.run(TestRunner.java:505)
at org.testng.SuiteRunner.runTest(SuiteRunner.java:455)
at org.testng.SuiteRunner.runSequentially(SuiteRunner.java:450)
at org.testng.SuiteRunner.privateRun(SuiteRunner.java:415)
at org.testng.SuiteRunner.run(SuiteRunner.java:364)
at org.testng.SuiteRunnerWorker.runSuite(SuiteRunnerWorker.java:52)
at org.testng.SuiteRunnerWorker.run(SuiteRunnerWorker.java:84)
at org.testng.TestNG.runSuitesSequentially(TestNG.java:1208)
at org.testng.TestNG.runSuitesLocally(TestNG.java:1137)
at org.testng.TestNG.runSuites(TestNG.java:1049)
at org.testng.TestNG.run(TestNG.java:1017)
at org.testng.remote.AbstractRemoteTestNG.run(AbstractRemoteTestNG.java:115)
at org.testng.remote.RemoteTestNG.initAndRun(RemoteTestNG.java:251)
at org.testng.remote.RemoteTestNG.main(RemoteTestNG.java:77)
]]>
            </full-stacktrace>
          </exception> <!-- org.openqa.selenium.TimeoutException -->
          <reporter-output>
          </reporter-output>
        </test-method> <!-- TC01b_Check_UI_Form -->
        <test-method signature="TC_03_Check_change_value_Title_Component()[pri:0, instance:ProjectEnas.CF201_Email@64984b0f]" started-at="2024-01-09T11:29:39Z" name="TC_03_Check_change_value_Title_Component" finished-at="2024-01-09T11:29:42Z" duration-ms="3154" status="PASS">
          <reporter-output>
          </reporter-output>
        </test-method> <!-- TC_03_Check_change_value_Title_Component -->
        <test-method signature="TC_04_Check_change_value_Sample_Explanation()[pri:0, instance:ProjectEnas.CF201_Email@64984b0f]" started-at="2024-01-09T11:29:42Z" name="TC_04_Check_change_value_Sample_Explanation" finished-at="2024-01-09T11:29:43Z" duration-ms="1428" status="PASS">
          <reporter-output>
          </reporter-output>
        </test-method> <!-- TC_04_Check_change_value_Sample_Explanation -->
        <test-method signature="TC_05_Check_change_value_General_Explanation()[pri:0, instance:ProjectEnas.CF201_Email@64984b0f]" started-at="2024-01-09T11:29:43Z" name="TC_05_Check_change_value_General_Explanation" finished-at="2024-01-09T11:29:47Z" duration-ms="3536" status="PASS">
          <reporter-output>
          </reporter-output>
        </test-method> <!-- TC_05_Check_change_value_General_Explanation -->
        <test-method signature="TC_06_Check_change_value_Additional_Explanation()[pri:0, instance:ProjectEnas.CF201_Email@64984b0f]" started-at="2024-01-09T11:29:47Z" name="TC_06_Check_change_value_Additional_Explanation" finished-at="2024-01-09T11:29:50Z" duration-ms="3500" status="PASS">
          <reporter-output>
          </reporter-output>
        </test-method> <!-- TC_06_Check_change_value_Additional_Explanation -->
        <test-method signature="TC_07_Duplicate_Component()[pri:0, instance:ProjectEnas.CF201_Email@64984b0f]" started-at="2024-01-09T11:29:50Z" name="TC_07_Duplicate_Component" finished-at="2024-01-09T11:29:50Z" duration-ms="182" status="PASS">
          <reporter-output>
          </reporter-output>
        </test-method> <!-- TC_07_Duplicate_Component -->
        <test-method signature="TC_08_Delete_Component()[pri:0, instance:ProjectEnas.CF201_Email@64984b0f]" started-at="2024-01-09T11:29:50Z" name="TC_08_Delete_Component" finished-at="2024-01-09T11:29:51Z" duration-ms="148" status="PASS">
          <reporter-output>
          </reporter-output>
        </test-method> <!-- TC_08_Delete_Component -->
        <test-method signature="TC_09_Move_Up_Component()[pri:0, instance:ProjectEnas.CF201_Email@64984b0f]" started-at="2024-01-09T11:29:51Z" name="TC_09_Move_Up_Component" finished-at="2024-01-09T11:29:51Z" duration-ms="168" status="PASS">
          <reporter-output>
          </reporter-output>
        </test-method> <!-- TC_09_Move_Up_Component -->
        <test-method signature="TC_10_Move_Down_Component()[pri:0, instance:ProjectEnas.CF201_Email@64984b0f]" started-at="2024-01-09T11:29:51Z" name="TC_10_Move_Down_Component" finished-at="2024-01-09T11:29:51Z" duration-ms="127" status="PASS">
          <reporter-output>
          </reporter-output>
        </test-method> <!-- TC_10_Move_Down_Component -->
      </class> <!-- ProjectEnas.CF201_Email -->
    </test> <!-- Run on Headless Chrome -->
  </suite> <!-- Enas Project -->
</testng-results>
